# JRE version: OpenJDK Runtime Environment Temurin-17.0.4.1+1 (17.0.4.1+1) (build 17.0.4.1+1)
# Java VM: OpenJDK 64-Bit Server VM Temurin-17.0.4.1+1 (17.0.4.1+1, mixed mode, tiered, compressed oops, compressed class ptrs, parallel gc, windows-amd64)
GC Precious Log:
 CPUs: 4 total, 4 available
 Memory: 1942M
 Large Page Support: Disabled
 NUMA Support: Disabled
 Compressed Oops: Enabled (32-bit)
 Alignments: Space 512K, Generation 512K, Heap 2M
 Heap Min Capacity: 100M
 Heap Initial Capacity: 100M
 Heap Max Capacity: 1G
 Pre-touch: Disabled
 Parallel Workers: 4
Heap:
 PSYoungGen      total 20992K, used 17759K [0x00000000eab00000, 0x00000000ec300000, 0x0000000100000000)
  eden space 20480K, 84% used [0x00000000eab00000,0x00000000ebbdad10,0x00000000ebf00000)
  from space 512K, 97% used [0x00000000ec200000,0x00000000ec27cf88,0x00000000ec280000)
  to   space 512K, 0% used [0x00000000ec280000,0x00000000ec280000,0x00000000ec300000)
 ParOldGen       total 68608K, used 24514K [0x00000000c0000000, 0x00000000c4300000, 0x00000000eab00000)
  object space 68608K, 35% used [0x00000000c0000000,0x00000000c17f0978,0x00000000c4300000)
 Metaspace       used 40018K, committed 40576K, reserved 1089536K
  class space    used 4051K, committed 4288K, reserved 1048576K
GC Heap History (20 events):
Event: 16.786 GC heap before
{Heap before GC invocations=10 (full 1):
 PSYoungGen      total 26112K, used 26110K [0x00000000eab00000, 0x00000000ec900000, 0x0000000100000000)
  eden space 23552K, 100% used [0x00000000eab00000,0x00000000ec200000,0x00000000ec200000)
  from space 2560K, 99% used [0x00000000ec600000,0x00000000ec87f810,0x00000000ec880000)
  to   space 3584K, 0% used [0x00000000ec200000,0x00000000ec200000,0x00000000ec580000)
 ParOldGen       total 68608K, used 8695K [0x00000000c0000000, 0x00000000c4300000, 0x00000000eab00000)
  object space 68608K, 12% used [0x00000000c0000000,0x00000000c087dd20,0x00000000c4300000)
 Metaspace       used 34847K, committed 35456K, reserved 1081344K
  class space    used 3520K, committed 3776K, reserved 1048576K
}
Event: 16.794 GC heap after
{Heap after GC invocations=10 (full 1):
 PSYoungGen      total 26624K, used 3558K [0x00000000eab00000, 0x00000000ecb80000, 0x0000000100000000)
  eden space 23040K, 0% used [0x00000000eab00000,0x00000000eab00000,0x00000000ec180000)
  from space 3584K, 99% used [0x00000000ec200000,0x00000000ec579938,0x00000000ec580000)
  to   space 5120K, 0% used [0x00000000ec680000,0x00000000ec680000,0x00000000ecb80000)
 ParOldGen       total 68608K, used 9793K [0x00000000c0000000, 0x00000000c4300000, 0x00000000eab00000)
  object space 68608K, 14% used [0x00000000c0000000,0x00000000c0990720,0x00000000c4300000)
 Metaspace       used 34847K, committed 35456K, reserved 1081344K
  class space    used 3520K, committed 3776K, reserved 1048576K
}
Event: 17.183 GC heap before
{Heap before GC invocations=11 (full 1):
 PSYoungGen      total 26624K, used 26423K [0x00000000eab00000, 0x00000000ecb80000, 0x0000000100000000)
  eden space 23040K, 99% used [0x00000000eab00000,0x00000000ec154330,0x00000000ec180000)
  from space 3584K, 99% used [0x00000000ec200000,0x00000000ec579938,0x00000000ec580000)
  to   space 5120K, 0% used [0x00000000ec680000,0x00000000ec680000,0x00000000ecb80000)
 ParOldGen       total 68608K, used 9793K [0x00000000c0000000, 0x00000000c4300000, 0x00000000eab00000)
  object space 68608K, 14% used [0x00000000c0000000,0x00000000c0990720,0x00000000c4300000)
 Metaspace       used 34993K, committed 35584K, reserved 1081344K
  class space    used 3535K, committed 3776K, reserved 1048576K
}
Event: 17.191 GC heap after
{Heap after GC invocations=11 (full 1):
 PSYoungGen      total 27136K, used 4160K [0x00000000eab00000, 0x00000000ecb00000, 0x0000000100000000)
  eden space 22528K, 0% used [0x00000000eab00000,0x00000000eab00000,0x00000000ec100000)
  from space 4608K, 90% used [0x00000000ec680000,0x00000000eca90010,0x00000000ecb00000)
  to   space 4608K, 0% used [0x00000000ec200000,0x00000000ec200000,0x00000000ec680000)
 ParOldGen       total 68608K, used 11295K [0x00000000c0000000, 0x00000000c4300000, 0x00000000eab00000)
  object space 68608K, 16% used [0x00000000c0000000,0x00000000c0b07f08,0x00000000c4300000)
 Metaspace       used 34993K, committed 35584K, reserved 1081344K
  class space    used 3535K, committed 3776K, reserved 1048576K
}
Event: 17.543 GC heap before
{Heap before GC invocations=12 (full 1):
 PSYoungGen      total 27136K, used 26688K [0x00000000eab00000, 0x00000000ecb00000, 0x0000000100000000)
  eden space 22528K, 100% used [0x00000000eab00000,0x00000000ec100000,0x00000000ec100000)
  from space 4608K, 90% used [0x00000000ec680000,0x00000000eca90010,0x00000000ecb00000)
  to   space 4608K, 0% used [0x00000000ec200000,0x00000000ec200000,0x00000000ec680000)
 ParOldGen       total 68608K, used 11295K [0x00000000c0000000, 0x00000000c4300000, 0x00000000eab00000)
  object space 68608K, 16% used [0x00000000c0000000,0x00000000c0b07f08,0x00000000c4300000)
 Metaspace       used 34994K, committed 35584K, reserved 1081344K
  class space    used 3535K, committed 3776K, reserved 1048576K
}
Event: 17.550 GC heap after
{Heap after GC invocations=12 (full 1):
 PSYoungGen      total 25088K, used 2720K [0x00000000eab00000, 0x00000000ec780000, 0x0000000100000000)
  eden space 22016K, 0% used [0x00000000eab00000,0x00000000eab00000,0x00000000ec080000)
  from space 3072K, 88% used [0x00000000ec200000,0x00000000ec4a8010,0x00000000ec500000)
  to   space 2560K, 0% used [0x00000000ec500000,0x00000000ec500000,0x00000000ec780000)
 ParOldGen       total 68608K, used 15399K [0x00000000c0000000, 0x00000000c4300000, 0x00000000eab00000)
  object space 68608K, 22% used [0x00000000c0000000,0x00000000c0f09d30,0x00000000c4300000)
 Metaspace       used 34994K, committed 35584K, reserved 1081344K
  class space    used 3535K, committed 3776K, reserved 1048576K
}
Event: 18.050 GC heap before
{Heap before GC invocations=13 (full 1):
 PSYoungGen      total 25088K, used 24736K [0x00000000eab00000, 0x00000000ec780000, 0x0000000100000000)
  eden space 22016K, 100% used [0x00000000eab00000,0x00000000ec080000,0x00000000ec080000)
  from space 3072K, 88% used [0x00000000ec200000,0x00000000ec4a8010,0x00000000ec500000)
  to   space 2560K, 0% used [0x00000000ec500000,0x00000000ec500000,0x00000000ec780000)
 ParOldGen       total 68608K, used 15399K [0x00000000c0000000, 0x00000000c4300000, 0x00000000eab00000)
  object space 68608K, 22% used [0x00000000c0000000,0x00000000c0f09d30,0x00000000c4300000)
 Metaspace       used 34994K, committed 35584K, reserved 1081344K
  class space    used 3535K, committed 3776K, reserved 1048576K
}
Event: 18.056 GC heap after
{Heap after GC invocations=13 (full 1):
 PSYoungGen      total 23040K, used 2528K [0x00000000eab00000, 0x00000000ecc80000, 0x0000000100000000)
  eden space 20480K, 0% used [0x00000000eab00000,0x00000000eab00000,0x00000000ebf00000)
  from space 2560K, 98% used [0x00000000ec500000,0x00000000ec778010,0x00000000ec780000)
  to   space 6144K, 0% used [0x00000000ebf00000,0x00000000ebf00000,0x00000000ec500000)
 ParOldGen       total 68608K, used 18119K [0x00000000c0000000, 0x00000000c4300000, 0x00000000eab00000)
  object space 68608K, 26% used [0x00000000c0000000,0x00000000c11b1d40,0x00000000c4300000)
 Metaspace       used 34994K, committed 35584K, reserved 1081344K
  class space    used 3535K, committed 3776K, reserved 1048576K
}
Event: 18.371 GC heap before
{Heap before GC invocations=14 (full 1):
 PSYoungGen      total 23040K, used 23005K [0x00000000eab00000, 0x00000000ecc80000, 0x0000000100000000)
  eden space 20480K, 99% used [0x00000000eab00000,0x00000000ebeff678,0x00000000ebf00000)
  from space 2560K, 98% used [0x00000000ec500000,0x00000000ec778010,0x00000000ec780000)
  to   space 6144K, 0% used [0x00000000ebf00000,0x00000000ebf00000,0x00000000ec500000)
 ParOldGen       total 68608K, used 18119K [0x00000000c0000000, 0x00000000c4300000, 0x00000000eab00000)
  object space 68608K, 26% used [0x00000000c0000000,0x00000000c11b1d40,0x00000000c4300000)
 Metaspace       used 35169K, committed 35776K, reserved 1089536K
  class space    used 3553K, committed 3840K, reserved 1048576K
}
Event: 18.377 GC heap after
{Heap after GC invocations=14 (full 1):
 PSYoungGen      total 23552K, used 2899K [0x00000000eab00000, 0x00000000ec700000, 0x0000000100000000)
  eden space 20480K, 0% used [0x00000000eab00000,0x00000000eab00000,0x00000000ebf00000)
  from space 3072K, 94% used [0x00000000ebf00000,0x00000000ec1d4c70,0x00000000ec200000)
  to   space 4096K, 0% used [0x00000000ec300000,0x00000000ec300000,0x00000000ec700000)
 ParOldGen       total 68608K, used 20663K [0x00000000c0000000, 0x00000000c4300000, 0x00000000eab00000)
  object space 68608K, 30% used [0x00000000c0000000,0x00000000c142dd50,0x00000000c4300000)
 Metaspace       used 35169K, committed 35776K, reserved 1089536K
  class space    used 3553K, committed 3840K, reserved 1048576K
}
Event: 18.391 GC heap before
{Heap before GC invocations=15 (full 1):
 PSYoungGen      total 23552K, used 3318K [0x00000000eab00000, 0x00000000ec700000, 0x0000000100000000)
  eden space 20480K, 2% used [0x00000000eab00000,0x00000000eab68dd0,0x00000000ebf00000)
  from space 3072K, 94% used [0x00000000ebf00000,0x00000000ec1d4c70,0x00000000ec200000)
  to   space 4096K, 0% used [0x00000000ec300000,0x00000000ec300000,0x00000000ec700000)
 ParOldGen       total 68608K, used 20663K [0x00000000c0000000, 0x00000000c4300000, 0x00000000eab00000)
  object space 68608K, 30% used [0x00000000c0000000,0x00000000c142dd50,0x00000000c4300000)
 Metaspace       used 35264K, committed 35840K, reserved 1089536K
  class space    used 3562K, committed 3840K, reserved 1048576K
}
Event: 18.395 GC heap after
{Heap after GC invocations=15 (full 1):
 PSYoungGen      total 20992K, used 64K [0x00000000eab00000, 0x00000000ec380000, 0x0000000100000000)
  eden space 20480K, 0% used [0x00000000eab00000,0x00000000eab00000,0x00000000ebf00000)
  from space 512K, 12% used [0x00000000ec300000,0x00000000ec310000,0x00000000ec380000)
  to   space 1536K, 0% used [0x00000000ec080000,0x00000000ec080000,0x00000000ec200000)
 ParOldGen       total 68608K, used 23499K [0x00000000c0000000, 0x00000000c4300000, 0x00000000eab00000)
  object space 68608K, 34% used [0x00000000c0000000,0x00000000c16f2d48,0x00000000c4300000)
 Metaspace       used 35264K, committed 35840K, reserved 1089536K
  class space    used 3562K, committed 3840K, reserved 1048576K
}
Event: 18.395 GC heap before
{Heap before GC invocations=16 (full 2):
 PSYoungGen      total 20992K, used 64K [0x00000000eab00000, 0x00000000ec380000, 0x0000000100000000)
  eden space 20480K, 0% used [0x00000000eab00000,0x00000000eab00000,0x00000000ebf00000)
  from space 512K, 12% used [0x00000000ec300000,0x00000000ec310000,0x00000000ec380000)
  to   space 1536K, 0% used [0x00000000ec080000,0x00000000ec080000,0x00000000ec200000)
 ParOldGen       total 68608K, used 23499K [0x00000000c0000000, 0x00000000c4300000, 0x00000000eab00000)
  object space 68608K, 34% used [0x00000000c0000000,0x00000000c16f2d48,0x00000000c4300000)
 Metaspace       used 35264K, committed 35840K, reserved 1089536K
  class space    used 3562K, committed 3840K, reserved 1048576K
}
Event: 18.485 GC heap after
{Heap after GC invocations=16 (full 2):
 PSYoungGen      total 20992K, used 0K [0x00000000eab00000, 0x00000000ec380000, 0x0000000100000000)
  eden space 20480K, 0% used [0x00000000eab00000,0x00000000eab00000,0x00000000ebf00000)
  from space 512K, 0% used [0x00000000ec300000,0x00000000ec300000,0x00000000ec380000)
  to   space 1536K, 0% used [0x00000000ec080000,0x00000000ec080000,0x00000000ec200000)
 ParOldGen       total 68608K, used 22925K [0x00000000c0000000, 0x00000000c4300000, 0x00000000eab00000)
  object space 68608K, 33% used [0x00000000c0000000,0x00000000c1663580,0x00000000c4300000)
 Metaspace       used 35264K, committed 35840K, reserved 1089536K
  class space    used 3562K, committed 3840K, reserved 1048576K
}
Event: 19.483 GC heap before
{Heap before GC invocations=17 (full 2):
 PSYoungGen      total 20992K, used 20477K [0x00000000eab00000, 0x00000000ec380000, 0x0000000100000000)
  eden space 20480K, 99% used [0x00000000eab00000,0x00000000ebeff5d8,0x00000000ebf00000)
  from space 512K, 0% used [0x00000000ec300000,0x00000000ec300000,0x00000000ec380000)
  to   space 1536K, 0% used [0x00000000ec080000,0x00000000ec080000,0x00000000ec200000)
 ParOldGen       total 68608K, used 22925K [0x00000000c0000000, 0x00000000c4300000, 0x00000000eab00000)
  object space 68608K, 33% used [0x00000000c0000000,0x00000000c1663580,0x00000000c4300000)
 Metaspace       used 37822K, committed 38400K, reserved 1089536K
  class space    used 3845K, committed 4096K, reserved 1048576K
}
Event: 19.485 GC heap after
{Heap after GC invocations=17 (full 2):
 PSYoungGen      total 22016K, used 726K [0x00000000eab00000, 0x00000000ec380000, 0x0000000100000000)
  eden space 20480K, 0% used [0x00000000eab00000,0x00000000eab00000,0x00000000ebf00000)
  from space 1536K, 47% used [0x00000000ec080000,0x00000000ec135a20,0x00000000ec200000)
  to   space 1024K, 0% used [0x00000000ec280000,0x00000000ec280000,0x00000000ec380000)
 ParOldGen       total 68608K, used 22933K [0x00000000c0000000, 0x00000000c4300000, 0x00000000eab00000)
  object space 68608K, 33% used [0x00000000c0000000,0x00000000c1665580,0x00000000c4300000)
 Metaspace       used 37822K, committed 38400K, reserved 1089536K
  class space    used 3845K, committed 4096K, reserved 1048576K
}
Event: 21.074 GC heap before
{Heap before GC invocations=18 (full 2):
 PSYoungGen      total 22016K, used 21197K [0x00000000eab00000, 0x00000000ec380000, 0x0000000100000000)
  eden space 20480K, 99% used [0x00000000eab00000,0x00000000ebefdd28,0x00000000ebf00000)
  from space 1536K, 47% used [0x00000000ec080000,0x00000000ec135a20,0x00000000ec200000)
  to   space 1024K, 0% used [0x00000000ec280000,0x00000000ec280000,0x00000000ec380000)
 ParOldGen       total 68608K, used 22933K [0x00000000c0000000, 0x00000000c4300000, 0x00000000eab00000)
  object space 68608K, 33% used [0x00000000c0000000,0x00000000c1665580,0x00000000c4300000)
 Metaspace       used 38984K, committed 39616K, reserved 1089536K
  class space    used 3972K, committed 4224K, reserved 1048576K
}
Event: 21.075 GC heap after
{Heap after GC invocations=18 (full 2):
 PSYoungGen      total 20992K, used 320K [0x00000000eab00000, 0x00000000ec300000, 0x0000000100000000)
  eden space 20480K, 0% used [0x00000000eab00000,0x00000000eab00000,0x00000000ebf00000)
  from space 512K, 62% used [0x00000000ec280000,0x00000000ec2d0000,0x00000000ec300000)
  to   space 512K, 0% used [0x00000000ec200000,0x00000000ec200000,0x00000000ec280000)
 ParOldGen       total 68608K, used 23624K [0x00000000c0000000, 0x00000000c4300000, 0x00000000eab00000)
  object space 68608K, 34% used [0x00000000c0000000,0x00000000c1712038,0x00000000c4300000)
 Metaspace       used 38984K, committed 39616K, reserved 1089536K
  class space    used 3972K, committed 4224K, reserved 1048576K
}
Event: 21.845 GC heap before
{Heap before GC invocations=19 (full 2):
 PSYoungGen      total 20992K, used 20800K [0x00000000eab00000, 0x00000000ec300000, 0x0000000100000000)
  eden space 20480K, 100% used [0x00000000eab00000,0x00000000ebf00000,0x00000000ebf00000)
  from space 512K, 62% used [0x00000000ec280000,0x00000000ec2d0000,0x00000000ec300000)
  to   space 512K, 0% used [0x00000000ec200000,0x00000000ec200000,0x00000000ec280000)
 ParOldGen       total 68608K, used 23624K [0x00000000c0000000, 0x00000000c4300000, 0x00000000eab00000)
  object space 68608K, 34% used [0x00000000c0000000,0x00000000c1712038,0x00000000c4300000)
 Metaspace       used 39523K, committed 40128K, reserved 1089536K
  class space    used 4008K, committed 4288K, reserved 1048576K
}
Event: 21.847 GC heap after
{Heap after GC invocations=19 (full 2):
 PSYoungGen      total 20992K, used 499K [0x00000000eab00000, 0x00000000ec300000, 0x0000000100000000)
  eden space 20480K, 0% used [0x00000000eab00000,0x00000000eab00000,0x00000000ebf00000)
  from space 512K, 97% used [0x00000000ec200000,0x00000000ec27cf88,0x00000000ec280000)
  to   space 512K, 0% used [0x00000000ec280000,0x00000000ec280000,0x00000000ec300000)
 ParOldGen       total 68608K, used 24514K [0x00000000c0000000, 0x00000000c4300000, 0x00000000eab00000)
  object space 68608K, 35% used [0x00000000c0000000,0x00000000c17f0978,0x00000000c4300000)
 Metaspace       used 39523K, committed 40128K, reserved 1089536K
  class space    used 4008K, committed 4288K, reserved 1048576K
}

