# JRE version: OpenJDK Runtime Environment Temurin-17.0.4.1+1 (17.0.4.1+1) (build 17.0.4.1+1)
# Java VM: OpenJDK 64-Bit Server VM Temurin-17.0.4.1+1 (17.0.4.1+1, mixed mode, tiered, compressed oops, compressed class ptrs, parallel gc, windows-amd64)
GC Precious Log:
 CPUs: 4 total, 4 available
 Memory: 1942M
 Large Page Support: Disabled
 NUMA Support: Disabled
 Compressed Oops: Enabled (32-bit)
 Alignments: Space 512K, Generation 512K, Heap 2M
 Heap Min Capacity: 100M
 Heap Initial Capacity: 100M
 Heap Max Capacity: 1G
 Pre-touch: Disabled
 Parallel Workers: 4
Heap:
 PSYoungGen      total 22528K, used 5950K [0x00000000eab00000, 0x00000000ec380000, 0x0000000100000000)
  eden space 20992K, 21% used [0x00000000eab00000,0x00000000eaf6fab0,0x00000000ebf80000)
  from space 1536K, 91% used [0x00000000ec000000,0x00000000ec160000,0x00000000ec180000)
  to   space 2048K, 0% used [0x00000000ec180000,0x00000000ec180000,0x00000000ec380000)
 ParOldGen       total 68608K, used 48449K [0x00000000c0000000, 0x00000000c4300000, 0x00000000eab00000)
  object space 68608K, 70% used [0x00000000c0000000,0x00000000c2f507e0,0x00000000c4300000)
 Metaspace       used 56957K, committed 57984K, reserved 1105920K
  class space    used 6002K, committed 6464K, reserved 1048576K
GC Heap History (20 events):
Event: 28.858 GC heap before
{Heap before GC invocations=26 (full 2):
 PSYoungGen      total 23040K, used 21280K [0x00000000eab00000, 0x00000000ec300000, 0x0000000100000000)
  eden space 20992K, 100% used [0x00000000eab00000,0x00000000ebf80000,0x00000000ebf80000)
  from space 2048K, 14% used [0x00000000ebf80000,0x00000000ebfc8000,0x00000000ec180000)
  to   space 1024K, 0% used [0x00000000ec200000,0x00000000ec200000,0x00000000ec300000)
 ParOldGen       total 68608K, used 32684K [0x00000000c0000000, 0x00000000c4300000, 0x00000000eab00000)
  object space 68608K, 47% used [0x00000000c0000000,0x00000000c1feb180,0x00000000c4300000)
 Metaspace       used 54343K, committed 55232K, reserved 1105920K
  class space    used 5825K, committed 6208K, reserved 1048576K
}
Event: 28.862 GC heap after
{Heap after GC invocations=26 (full 2):
 PSYoungGen      total 21504K, used 480K [0x00000000eab00000, 0x00000000ec280000, 0x0000000100000000)
  eden space 20992K, 0% used [0x00000000eab00000,0x00000000eab00000,0x00000000ebf80000)
  from space 512K, 93% used [0x00000000ec200000,0x00000000ec278000,0x00000000ec280000)
  to   space 1024K, 0% used [0x00000000ec080000,0x00000000ec080000,0x00000000ec180000)
 ParOldGen       total 68608K, used 32909K [0x00000000c0000000, 0x00000000c4300000, 0x00000000eab00000)
  object space 68608K, 47% used [0x00000000c0000000,0x00000000c20234e8,0x00000000c4300000)
 Metaspace       used 54343K, committed 55232K, reserved 1105920K
  class space    used 5825K, committed 6208K, reserved 1048576K
}
Event: 29.728 GC heap before
{Heap before GC invocations=27 (full 2):
 PSYoungGen      total 21504K, used 21472K [0x00000000eab00000, 0x00000000ec280000, 0x0000000100000000)
  eden space 20992K, 100% used [0x00000000eab00000,0x00000000ebf80000,0x00000000ebf80000)
  from space 512K, 93% used [0x00000000ec200000,0x00000000ec278000,0x00000000ec280000)
  to   space 1024K, 0% used [0x00000000ec080000,0x00000000ec080000,0x00000000ec180000)
 ParOldGen       total 68608K, used 32909K [0x00000000c0000000, 0x00000000c4300000, 0x00000000eab00000)
  object space 68608K, 47% used [0x00000000c0000000,0x00000000c20234e8,0x00000000c4300000)
 Metaspace       used 55207K, committed 56192K, reserved 1105920K
  class space    used 5889K, committed 6272K, reserved 1048576K
}
Event: 29.732 GC heap after
{Heap after GC invocations=27 (full 2):
 PSYoungGen      total 22016K, used 992K [0x00000000eab00000, 0x00000000ec480000, 0x0000000100000000)
  eden space 20992K, 0% used [0x00000000eab00000,0x00000000eab00000,0x00000000ebf80000)
  from space 1024K, 96% used [0x00000000ec080000,0x00000000ec178020,0x00000000ec180000)
  to   space 2560K, 0% used [0x00000000ec200000,0x00000000ec200000,0x00000000ec480000)
 ParOldGen       total 68608K, used 33790K [0x00000000c0000000, 0x00000000c4300000, 0x00000000eab00000)
  object space 68608K, 49% used [0x00000000c0000000,0x00000000c20ff958,0x00000000c4300000)
 Metaspace       used 55207K, committed 56192K, reserved 1105920K
  class space    used 5889K, committed 6272K, reserved 1048576K
}
Event: 30.507 GC heap before
{Heap before GC invocations=28 (full 2):
 PSYoungGen      total 22016K, used 21984K [0x00000000eab00000, 0x00000000ec480000, 0x0000000100000000)
  eden space 20992K, 100% used [0x00000000eab00000,0x00000000ebf80000,0x00000000ebf80000)
  from space 1024K, 96% used [0x00000000ec080000,0x00000000ec178020,0x00000000ec180000)
  to   space 2560K, 0% used [0x00000000ec200000,0x00000000ec200000,0x00000000ec480000)
 ParOldGen       total 68608K, used 33790K [0x00000000c0000000, 0x00000000c4300000, 0x00000000eab00000)
  object space 68608K, 49% used [0x00000000c0000000,0x00000000c20ff958,0x00000000c4300000)
 Metaspace       used 55219K, committed 56192K, reserved 1105920K
  class space    used 5889K, committed 6272K, reserved 1048576K
}
Event: 30.512 GC heap after
{Heap after GC invocations=28 (full 2):
 PSYoungGen      total 23552K, used 2080K [0x00000000eab00000, 0x00000000ec480000, 0x0000000100000000)
  eden space 20992K, 0% used [0x00000000eab00000,0x00000000eab00000,0x00000000ebf80000)
  from space 2560K, 81% used [0x00000000ec200000,0x00000000ec408010,0x00000000ec480000)
  to   space 2560K, 0% used [0x00000000ebf80000,0x00000000ebf80000,0x00000000ec200000)
 ParOldGen       total 68608K, used 34776K [0x00000000c0000000, 0x00000000c4300000, 0x00000000eab00000)
  object space 68608K, 50% used [0x00000000c0000000,0x00000000c21f6308,0x00000000c4300000)
 Metaspace       used 55219K, committed 56192K, reserved 1105920K
  class space    used 5889K, committed 6272K, reserved 1048576K
}
Event: 30.819 GC heap before
{Heap before GC invocations=29 (full 2):
 PSYoungGen      total 23552K, used 23072K [0x00000000eab00000, 0x00000000ec480000, 0x0000000100000000)
  eden space 20992K, 100% used [0x00000000eab00000,0x00000000ebf80000,0x00000000ebf80000)
  from space 2560K, 81% used [0x00000000ec200000,0x00000000ec408010,0x00000000ec480000)
  to   space 2560K, 0% used [0x00000000ebf80000,0x00000000ebf80000,0x00000000ec200000)
 ParOldGen       total 68608K, used 34776K [0x00000000c0000000, 0x00000000c4300000, 0x00000000eab00000)
  object space 68608K, 50% used [0x00000000c0000000,0x00000000c21f6308,0x00000000c4300000)
 Metaspace       used 55245K, committed 56192K, reserved 1105920K
  class space    used 5889K, committed 6272K, reserved 1048576K
}
Event: 30.824 GC heap after
{Heap after GC invocations=29 (full 2):
 PSYoungGen      total 23552K, used 2304K [0x00000000eab00000, 0x00000000ec480000, 0x0000000100000000)
  eden space 20992K, 0% used [0x00000000eab00000,0x00000000eab00000,0x00000000ebf80000)
  from space 2560K, 90% used [0x00000000ebf80000,0x00000000ec1c0010,0x00000000ec200000)
  to   space 2560K, 0% used [0x00000000ec200000,0x00000000ec200000,0x00000000ec480000)
 ParOldGen       total 68608K, used 36712K [0x00000000c0000000, 0x00000000c4300000, 0x00000000eab00000)
  object space 68608K, 53% used [0x00000000c0000000,0x00000000c23da308,0x00000000c4300000)
 Metaspace       used 55245K, committed 56192K, reserved 1105920K
  class space    used 5889K, committed 6272K, reserved 1048576K
}
Event: 31.073 GC heap before
{Heap before GC invocations=30 (full 2):
 PSYoungGen      total 23552K, used 23296K [0x00000000eab00000, 0x00000000ec480000, 0x0000000100000000)
  eden space 20992K, 100% used [0x00000000eab00000,0x00000000ebf80000,0x00000000ebf80000)
  from space 2560K, 90% used [0x00000000ebf80000,0x00000000ec1c0010,0x00000000ec200000)
  to   space 2560K, 0% used [0x00000000ec200000,0x00000000ec200000,0x00000000ec480000)
 ParOldGen       total 68608K, used 36712K [0x00000000c0000000, 0x00000000c4300000, 0x00000000eab00000)
  object space 68608K, 53% used [0x00000000c0000000,0x00000000c23da308,0x00000000c4300000)
 Metaspace       used 55245K, committed 56192K, reserved 1105920K
  class space    used 5889K, committed 6272K, reserved 1048576K
}
Event: 31.078 GC heap after
{Heap after GC invocations=30 (full 2):
 PSYoungGen      total 23552K, used 2176K [0x00000000eab00000, 0x00000000ec480000, 0x0000000100000000)
  eden space 20992K, 0% used [0x00000000eab00000,0x00000000eab00000,0x00000000ebf80000)
  from space 2560K, 85% used [0x00000000ec200000,0x00000000ec420000,0x00000000ec480000)
  to   space 2560K, 0% used [0x00000000ebf80000,0x00000000ebf80000,0x00000000ec200000)
 ParOldGen       total 68608K, used 38940K [0x00000000c0000000, 0x00000000c4300000, 0x00000000eab00000)
  object space 68608K, 56% used [0x00000000c0000000,0x00000000c2607218,0x00000000c4300000)
 Metaspace       used 55245K, committed 56192K, reserved 1105920K
  class space    used 5889K, committed 6272K, reserved 1048576K
}
Event: 31.280 GC heap before
{Heap before GC invocations=31 (full 2):
 PSYoungGen      total 23552K, used 23168K [0x00000000eab00000, 0x00000000ec480000, 0x0000000100000000)
  eden space 20992K, 100% used [0x00000000eab00000,0x00000000ebf80000,0x00000000ebf80000)
  from space 2560K, 85% used [0x00000000ec200000,0x00000000ec420000,0x00000000ec480000)
  to   space 2560K, 0% used [0x00000000ebf80000,0x00000000ebf80000,0x00000000ec200000)
 ParOldGen       total 68608K, used 38940K [0x00000000c0000000, 0x00000000c4300000, 0x00000000eab00000)
  object space 68608K, 56% used [0x00000000c0000000,0x00000000c2607218,0x00000000c4300000)
 Metaspace       used 55248K, committed 56192K, reserved 1105920K
  class space    used 5889K, committed 6272K, reserved 1048576K
}
Event: 31.286 GC heap after
{Heap after GC invocations=31 (full 2):
 PSYoungGen      total 23552K, used 2080K [0x00000000eab00000, 0x00000000ec480000, 0x0000000100000000)
  eden space 20992K, 0% used [0x00000000eab00000,0x00000000eab00000,0x00000000ebf80000)
  from space 2560K, 81% used [0x00000000ebf80000,0x00000000ec188010,0x00000000ec200000)
  to   space 2560K, 0% used [0x00000000ec200000,0x00000000ec200000,0x00000000ec480000)
 ParOldGen       total 68608K, used 41084K [0x00000000c0000000, 0x00000000c4300000, 0x00000000eab00000)
  object space 68608K, 59% used [0x00000000c0000000,0x00000000c281f218,0x00000000c4300000)
 Metaspace       used 55248K, committed 56192K, reserved 1105920K
  class space    used 5889K, committed 6272K, reserved 1048576K
}
Event: 32.673 GC heap before
{Heap before GC invocations=32 (full 2):
 PSYoungGen      total 23552K, used 23072K [0x00000000eab00000, 0x00000000ec480000, 0x0000000100000000)
  eden space 20992K, 100% used [0x00000000eab00000,0x00000000ebf80000,0x00000000ebf80000)
  from space 2560K, 81% used [0x00000000ebf80000,0x00000000ec188010,0x00000000ec200000)
  to   space 2560K, 0% used [0x00000000ec200000,0x00000000ec200000,0x00000000ec480000)
 ParOldGen       total 68608K, used 41084K [0x00000000c0000000, 0x00000000c4300000, 0x00000000eab00000)
  object space 68608K, 59% used [0x00000000c0000000,0x00000000c281f218,0x00000000c4300000)
 Metaspace       used 56234K, committed 57280K, reserved 1105920K
  class space    used 5976K, committed 6400K, reserved 1048576K
}
Event: 32.679 GC heap after
{Heap after GC invocations=32 (full 2):
 PSYoungGen      total 23552K, used 2240K [0x00000000eab00000, 0x00000000ec480000, 0x0000000100000000)
  eden space 20992K, 0% used [0x00000000eab00000,0x00000000eab00000,0x00000000ebf80000)
  from space 2560K, 87% used [0x00000000ec200000,0x00000000ec430000,0x00000000ec480000)
  to   space 2560K, 0% used [0x00000000ebf80000,0x00000000ebf80000,0x00000000ec200000)
 ParOldGen       total 68608K, used 43092K [0x00000000c0000000, 0x00000000c4300000, 0x00000000eab00000)
  object space 68608K, 62% used [0x00000000c0000000,0x00000000c2a15228,0x00000000c4300000)
 Metaspace       used 56234K, committed 57280K, reserved 1105920K
  class space    used 5976K, committed 6400K, reserved 1048576K
}
Event: 33.303 GC heap before
{Heap before GC invocations=33 (full 2):
 PSYoungGen      total 23552K, used 23232K [0x00000000eab00000, 0x00000000ec480000, 0x0000000100000000)
  eden space 20992K, 100% used [0x00000000eab00000,0x00000000ebf80000,0x00000000ebf80000)
  from space 2560K, 87% used [0x00000000ec200000,0x00000000ec430000,0x00000000ec480000)
  to   space 2560K, 0% used [0x00000000ebf80000,0x00000000ebf80000,0x00000000ec200000)
 ParOldGen       total 68608K, used 43092K [0x00000000c0000000, 0x00000000c4300000, 0x00000000eab00000)
  object space 68608K, 62% used [0x00000000c0000000,0x00000000c2a15228,0x00000000c4300000)
 Metaspace       used 56386K, committed 57408K, reserved 1105920K
  class space    used 5978K, committed 6400K, reserved 1048576K
}
Event: 33.309 GC heap after
{Heap after GC invocations=33 (full 2):
 PSYoungGen      total 23552K, used 1952K [0x00000000eab00000, 0x00000000ec480000, 0x0000000100000000)
  eden space 20992K, 0% used [0x00000000eab00000,0x00000000eab00000,0x00000000ebf80000)
  from space 2560K, 76% used [0x00000000ebf80000,0x00000000ec168000,0x00000000ec200000)
  to   space 2560K, 0% used [0x00000000ec200000,0x00000000ec200000,0x00000000ec480000)
 ParOldGen       total 68608K, used 45228K [0x00000000c0000000, 0x00000000c4300000, 0x00000000eab00000)
  object space 68608K, 65% used [0x00000000c0000000,0x00000000c2c2b228,0x00000000c4300000)
 Metaspace       used 56386K, committed 57408K, reserved 1105920K
  class space    used 5978K, committed 6400K, reserved 1048576K
}
Event: 33.788 GC heap before
{Heap before GC invocations=34 (full 2):
 PSYoungGen      total 23552K, used 22944K [0x00000000eab00000, 0x00000000ec480000, 0x0000000100000000)
  eden space 20992K, 100% used [0x00000000eab00000,0x00000000ebf80000,0x00000000ebf80000)
  from space 2560K, 76% used [0x00000000ebf80000,0x00000000ec168000,0x00000000ec200000)
  to   space 2560K, 0% used [0x00000000ec200000,0x00000000ec200000,0x00000000ec480000)
 ParOldGen       total 68608K, used 45228K [0x00000000c0000000, 0x00000000c4300000, 0x00000000eab00000)
  object space 68608K, 65% used [0x00000000c0000000,0x00000000c2c2b228,0x00000000c4300000)
 Metaspace       used 56644K, committed 57664K, reserved 1105920K
  class space    used 6000K, committed 6464K, reserved 1048576K
}
Event: 33.792 GC heap after
{Heap after GC invocations=34 (full 2):
 PSYoungGen      total 23040K, used 1936K [0x00000000eab00000, 0x00000000ec400000, 0x0000000100000000)
  eden space 20992K, 0% used [0x00000000eab00000,0x00000000eab00000,0x00000000ebf80000)
  from space 2048K, 94% used [0x00000000ec200000,0x00000000ec3e4010,0x00000000ec400000)
  to   space 2048K, 0% used [0x00000000ec000000,0x00000000ec000000,0x00000000ec200000)
 ParOldGen       total 68608K, used 46805K [0x00000000c0000000, 0x00000000c4300000, 0x00000000eab00000)
  object space 68608K, 68% used [0x00000000c0000000,0x00000000c2db5468,0x00000000c4300000)
 Metaspace       used 56644K, committed 57664K, reserved 1105920K
  class space    used 6000K, committed 6464K, reserved 1048576K
}
Event: 34.737 GC heap before
{Heap before GC invocations=35 (full 2):
 PSYoungGen      total 23040K, used 22928K [0x00000000eab00000, 0x00000000ec400000, 0x0000000100000000)
  eden space 20992K, 100% used [0x00000000eab00000,0x00000000ebf80000,0x00000000ebf80000)
  from space 2048K, 94% used [0x00000000ec200000,0x00000000ec3e4010,0x00000000ec400000)
  to   space 2048K, 0% used [0x00000000ec000000,0x00000000ec000000,0x00000000ec200000)
 ParOldGen       total 68608K, used 46805K [0x00000000c0000000, 0x00000000c4300000, 0x00000000eab00000)
  object space 68608K, 68% used [0x00000000c0000000,0x00000000c2db5468,0x00000000c4300000)
 Metaspace       used 56935K, committed 57920K, reserved 1105920K
  class space    used 6001K, committed 6464K, reserved 1048576K
}
Event: 34.742 GC heap after
{Heap after GC invocations=35 (full 2):
 PSYoungGen      total 22528K, used 1408K [0x00000000eab00000, 0x00000000ec380000, 0x0000000100000000)
  eden space 20992K, 0% used [0x00000000eab00000,0x00000000eab00000,0x00000000ebf80000)
  from space 1536K, 91% used [0x00000000ec000000,0x00000000ec160000,0x00000000ec180000)
  to   space 2048K, 0% used [0x00000000ec180000,0x00000000ec180000,0x00000000ec380000)
 ParOldGen       total 68608K, used 48449K [0x00000000c0000000, 0x00000000c4300000, 0x00000000eab00000)
  object space 68608K, 70% used [0x00000000c0000000,0x00000000c2f507e0,0x00000000c4300000)
 Metaspace       used 56935K, committed 57920K, reserved 1105920K
  class space    used 6001K, committed 6464K, reserved 1048576K
}

