# JRE version: OpenJDK Runtime Environment Temurin-17.0.4.1+1 (17.0.4.1+1) (build 17.0.4.1+1)
# Java VM: OpenJDK 64-Bit Server VM Temurin-17.0.4.1+1 (17.0.4.1+1, mixed mode, tiered, compressed oops, compressed class ptrs, parallel gc, windows-amd64)
GC Precious Log:
 CPUs: 4 total, 4 available
 Memory: 1942M
 Large Page Support: Disabled
 NUMA Support: Disabled
 Compressed Oops: Enabled (32-bit)
 Alignments: Space 512K, Generation 512K, Heap 2M
 Heap Min Capacity: 100M
 Heap Initial Capacity: 100M
 Heap Max Capacity: 1G
 Pre-touch: Disabled
 Parallel Workers: 4
Heap:
 PSYoungGen      total 21504K, used 18896K [0x00000000eab00000, 0x00000000ec400000, 0x0000000100000000)
  eden space 20480K, 87% used [0x00000000eab00000,0x00000000ebc74168,0x00000000ebf00000)
  from space 1024K, 100% used [0x00000000ec000000,0x00000000ec100000,0x00000000ec100000)
  to   space 2560K, 0% used [0x00000000ec180000,0x00000000ec180000,0x00000000ec400000)
 ParOldGen       total 68608K, used 26041K [0x00000000c0000000, 0x00000000c4300000, 0x00000000eab00000)
  object space 68608K, 37% used [0x00000000c0000000,0x00000000c196e480,0x00000000c4300000)
 Metaspace       used 45307K, committed 46080K, reserved 1097728K
  class space    used 4514K, committed 4864K, reserved 1048576K
GC Heap History (20 events):
Event: 15.675 GC heap before
{Heap before GC invocations=12 (full 1):
 PSYoungGen      total 23040K, used 23008K [0x00000000eab00000, 0x00000000ecd00000, 0x0000000100000000)
  eden space 20480K, 100% used [0x00000000eab00000,0x00000000ebf00000,0x00000000ebf00000)
  from space 2560K, 98% used [0x00000000ec500000,0x00000000ec778020,0x00000000ec780000)
  to   space 6144K, 0% used [0x00000000ebf00000,0x00000000ebf00000,0x00000000ec500000)
 ParOldGen       total 68608K, used 13390K [0x00000000c0000000, 0x00000000c4300000, 0x00000000eab00000)
  object space 68608K, 19% used [0x00000000c0000000,0x00000000c0d13808,0x00000000c4300000)
 Metaspace       used 35043K, committed 35648K, reserved 1081344K
  class space    used 3536K, committed 3776K, reserved 1048576K
}
Event: 15.680 GC heap after
{Heap after GC invocations=12 (full 1):
 PSYoungGen      total 22528K, used 2016K [0x00000000eab00000, 0x00000000ec600000, 0x0000000100000000)
  eden space 20480K, 0% used [0x00000000eab00000,0x00000000eab00000,0x00000000ebf00000)
  from space 2048K, 98% used [0x00000000ebf00000,0x00000000ec0f8000,0x00000000ec100000)
  to   space 3584K, 0% used [0x00000000ec280000,0x00000000ec280000,0x00000000ec600000)
 ParOldGen       total 68608K, used 15942K [0x00000000c0000000, 0x00000000c4300000, 0x00000000eab00000)
  object space 68608K, 23% used [0x00000000c0000000,0x00000000c0f91ba0,0x00000000c4300000)
 Metaspace       used 35043K, committed 35648K, reserved 1081344K
  class space    used 3536K, committed 3776K, reserved 1048576K
}
Event: 15.818 GC heap before
{Heap before GC invocations=13 (full 1):
 PSYoungGen      total 22528K, used 22496K [0x00000000eab00000, 0x00000000ec600000, 0x0000000100000000)
  eden space 20480K, 100% used [0x00000000eab00000,0x00000000ebf00000,0x00000000ebf00000)
  from space 2048K, 98% used [0x00000000ebf00000,0x00000000ec0f8000,0x00000000ec100000)
  to   space 3584K, 0% used [0x00000000ec280000,0x00000000ec280000,0x00000000ec600000)
 ParOldGen       total 68608K, used 15942K [0x00000000c0000000, 0x00000000c4300000, 0x00000000eab00000)
  object space 68608K, 23% used [0x00000000c0000000,0x00000000c0f91ba0,0x00000000c4300000)
 Metaspace       used 35043K, committed 35648K, reserved 1081344K
  class space    used 3536K, committed 3776K, reserved 1048576K
}
Event: 15.823 GC heap after
{Heap after GC invocations=13 (full 1):
 PSYoungGen      total 23040K, used 2400K [0x00000000eab00000, 0x00000000ec500000, 0x0000000100000000)
  eden space 20480K, 0% used [0x00000000eab00000,0x00000000eab00000,0x00000000ebf00000)
  from space 2560K, 93% used [0x00000000ec280000,0x00000000ec4d8010,0x00000000ec500000)
  to   space 2560K, 0% used [0x00000000ec000000,0x00000000ec000000,0x00000000ec280000)
 ParOldGen       total 68608K, used 17934K [0x00000000c0000000, 0x00000000c4300000, 0x00000000eab00000)
  object space 68608K, 26% used [0x00000000c0000000,0x00000000c1183ba0,0x00000000c4300000)
 Metaspace       used 35043K, committed 35648K, reserved 1081344K
  class space    used 3536K, committed 3776K, reserved 1048576K
}
Event: 15.966 GC heap before
{Heap before GC invocations=14 (full 1):
 PSYoungGen      total 23040K, used 22880K [0x00000000eab00000, 0x00000000ec500000, 0x0000000100000000)
  eden space 20480K, 100% used [0x00000000eab00000,0x00000000ebf00000,0x00000000ebf00000)
  from space 2560K, 93% used [0x00000000ec280000,0x00000000ec4d8010,0x00000000ec500000)
  to   space 2560K, 0% used [0x00000000ec000000,0x00000000ec000000,0x00000000ec280000)
 ParOldGen       total 68608K, used 17934K [0x00000000c0000000, 0x00000000c4300000, 0x00000000eab00000)
  object space 68608K, 26% used [0x00000000c0000000,0x00000000c1183ba0,0x00000000c4300000)
 Metaspace       used 35044K, committed 35648K, reserved 1081344K
  class space    used 3536K, committed 3776K, reserved 1048576K
}
Event: 15.972 GC heap after
{Heap after GC invocations=14 (full 1):
 PSYoungGen      total 22528K, used 1952K [0x00000000eab00000, 0x00000000ec400000, 0x0000000100000000)
  eden space 20480K, 0% used [0x00000000eab00000,0x00000000eab00000,0x00000000ebf00000)
  from space 2048K, 95% used [0x00000000ec000000,0x00000000ec1e8000,0x00000000ec200000)
  to   space 2048K, 0% used [0x00000000ec200000,0x00000000ec200000,0x00000000ec400000)
 ParOldGen       total 68608K, used 20286K [0x00000000c0000000, 0x00000000c4300000, 0x00000000eab00000)
  object space 68608K, 29% used [0x00000000c0000000,0x00000000c13cfbb0,0x00000000c4300000)
 Metaspace       used 35044K, committed 35648K, reserved 1081344K
  class space    used 3536K, committed 3776K, reserved 1048576K
}
Event: 16.108 GC heap before
{Heap before GC invocations=15 (full 1):
 PSYoungGen      total 22528K, used 5779K [0x00000000eab00000, 0x00000000ec400000, 0x0000000100000000)
  eden space 20480K, 18% used [0x00000000eab00000,0x00000000eaebce40,0x00000000ebf00000)
  from space 2048K, 95% used [0x00000000ec000000,0x00000000ec1e8000,0x00000000ec200000)
  to   space 2048K, 0% used [0x00000000ec200000,0x00000000ec200000,0x00000000ec400000)
 ParOldGen       total 68608K, used 20286K [0x00000000c0000000, 0x00000000c4300000, 0x00000000eab00000)
  object space 68608K, 29% used [0x00000000c0000000,0x00000000c13cfbb0,0x00000000c4300000)
 Metaspace       used 35253K, committed 35840K, reserved 1089536K
  class space    used 3555K, committed 3840K, reserved 1048576K
}
Event: 16.113 GC heap after
{Heap after GC invocations=15 (full 1):
 PSYoungGen      total 22016K, used 1370K [0x00000000eab00000, 0x00000000ec380000, 0x0000000100000000)
  eden space 20480K, 0% used [0x00000000eab00000,0x00000000eab00000,0x00000000ebf00000)
  from space 1536K, 89% used [0x00000000ec200000,0x00000000ec356b58,0x00000000ec380000)
  to   space 2048K, 0% used [0x00000000ebf80000,0x00000000ebf80000,0x00000000ec180000)
 ParOldGen       total 68608K, used 22181K [0x00000000c0000000, 0x00000000c4300000, 0x00000000eab00000)
  object space 68608K, 32% used [0x00000000c0000000,0x00000000c15a9430,0x00000000c4300000)
 Metaspace       used 35253K, committed 35840K, reserved 1089536K
  class space    used 3555K, committed 3840K, reserved 1048576K
}
Event: 16.113 GC heap before
{Heap before GC invocations=16 (full 2):
 PSYoungGen      total 22016K, used 1370K [0x00000000eab00000, 0x00000000ec380000, 0x0000000100000000)
  eden space 20480K, 0% used [0x00000000eab00000,0x00000000eab00000,0x00000000ebf00000)
  from space 1536K, 89% used [0x00000000ec200000,0x00000000ec356b58,0x00000000ec380000)
  to   space 2048K, 0% used [0x00000000ebf80000,0x00000000ebf80000,0x00000000ec180000)
 ParOldGen       total 68608K, used 22181K [0x00000000c0000000, 0x00000000c4300000, 0x00000000eab00000)
  object space 68608K, 32% used [0x00000000c0000000,0x00000000c15a9430,0x00000000c4300000)
 Metaspace       used 35253K, committed 35840K, reserved 1089536K
  class space    used 3555K, committed 3840K, reserved 1048576K
}
Event: 16.193 GC heap after
{Heap after GC invocations=16 (full 2):
 PSYoungGen      total 22016K, used 0K [0x00000000eab00000, 0x00000000ec380000, 0x0000000100000000)
  eden space 20480K, 0% used [0x00000000eab00000,0x00000000eab00000,0x00000000ebf00000)
  from space 1536K, 0% used [0x00000000ec200000,0x00000000ec200000,0x00000000ec380000)
  to   space 2048K, 0% used [0x00000000ebf80000,0x00000000ebf80000,0x00000000ec180000)
 ParOldGen       total 68608K, used 22967K [0x00000000c0000000, 0x00000000c4300000, 0x00000000eab00000)
  object space 68608K, 33% used [0x00000000c0000000,0x00000000c166def0,0x00000000c4300000)
 Metaspace       used 35253K, committed 35840K, reserved 1089536K
  class space    used 3555K, committed 3840K, reserved 1048576K
}
Event: 17.157 GC heap before
{Heap before GC invocations=17 (full 2):
 PSYoungGen      total 22016K, used 20479K [0x00000000eab00000, 0x00000000ec380000, 0x0000000100000000)
  eden space 20480K, 99% used [0x00000000eab00000,0x00000000ebeffe20,0x00000000ebf00000)
  from space 1536K, 0% used [0x00000000ec200000,0x00000000ec200000,0x00000000ec380000)
  to   space 2048K, 0% used [0x00000000ebf80000,0x00000000ebf80000,0x00000000ec180000)
 ParOldGen       total 68608K, used 22967K [0x00000000c0000000, 0x00000000c4300000, 0x00000000eab00000)
  object space 68608K, 33% used [0x00000000c0000000,0x00000000c166def0,0x00000000c4300000)
 Metaspace       used 37848K, committed 38464K, reserved 1089536K
  class space    used 3842K, committed 4096K, reserved 1048576K
}
Event: 17.159 GC heap after
{Heap after GC invocations=17 (full 2):
 PSYoungGen      total 22528K, used 694K [0x00000000eab00000, 0x00000000ec280000, 0x0000000100000000)
  eden space 20480K, 0% used [0x00000000eab00000,0x00000000eab00000,0x00000000ebf00000)
  from space 2048K, 33% used [0x00000000ebf80000,0x00000000ec02da20,0x00000000ec180000)
  to   space 1024K, 0% used [0x00000000ec180000,0x00000000ec180000,0x00000000ec280000)
 ParOldGen       total 68608K, used 22975K [0x00000000c0000000, 0x00000000c4300000, 0x00000000eab00000)
  object space 68608K, 33% used [0x00000000c0000000,0x00000000c166fef0,0x00000000c4300000)
 Metaspace       used 37848K, committed 38464K, reserved 1089536K
  class space    used 3842K, committed 4096K, reserved 1048576K
}
Event: 18.161 GC heap before
{Heap before GC invocations=18 (full 2):
 PSYoungGen      total 22528K, used 21174K [0x00000000eab00000, 0x00000000ec280000, 0x0000000100000000)
  eden space 20480K, 100% used [0x00000000eab00000,0x00000000ebf00000,0x00000000ebf00000)
  from space 2048K, 33% used [0x00000000ebf80000,0x00000000ec02da20,0x00000000ec180000)
  to   space 1024K, 0% used [0x00000000ec180000,0x00000000ec180000,0x00000000ec280000)
 ParOldGen       total 68608K, used 22975K [0x00000000c0000000, 0x00000000c4300000, 0x00000000eab00000)
  object space 68608K, 33% used [0x00000000c0000000,0x00000000c166fef0,0x00000000c4300000)
 Metaspace       used 38880K, committed 39552K, reserved 1089536K
  class space    used 3969K, committed 4224K, reserved 1048576K
}
Event: 18.162 GC heap after
{Heap after GC invocations=18 (full 2):
 PSYoungGen      total 20992K, used 320K [0x00000000eab00000, 0x00000000ec200000, 0x0000000100000000)
  eden space 20480K, 0% used [0x00000000eab00000,0x00000000eab00000,0x00000000ebf00000)
  from space 512K, 62% used [0x00000000ec180000,0x00000000ec1d0000,0x00000000ec200000)
  to   space 512K, 0% used [0x00000000ec100000,0x00000000ec100000,0x00000000ec180000)
 ParOldGen       total 68608K, used 23657K [0x00000000c0000000, 0x00000000c4300000, 0x00000000eab00000)
  object space 68608K, 34% used [0x00000000c0000000,0x00000000c171a630,0x00000000c4300000)
 Metaspace       used 38880K, committed 39552K, reserved 1089536K
  class space    used 3969K, committed 4224K, reserved 1048576K
}
Event: 18.530 GC heap before
{Heap before GC invocations=19 (full 2):
 PSYoungGen      total 20992K, used 20800K [0x00000000eab00000, 0x00000000ec200000, 0x0000000100000000)
  eden space 20480K, 100% used [0x00000000eab00000,0x00000000ebf00000,0x00000000ebf00000)
  from space 512K, 62% used [0x00000000ec180000,0x00000000ec1d0000,0x00000000ec200000)
  to   space 512K, 0% used [0x00000000ec100000,0x00000000ec100000,0x00000000ec180000)
 ParOldGen       total 68608K, used 23657K [0x00000000c0000000, 0x00000000c4300000, 0x00000000eab00000)
  object space 68608K, 34% used [0x00000000c0000000,0x00000000c171a630,0x00000000c4300000)
 Metaspace       used 39569K, committed 40256K, reserved 1089536K
  class space    used 4010K, committed 4288K, reserved 1048576K
}
Event: 18.533 GC heap after
{Heap after GC invocations=19 (full 2):
 PSYoungGen      total 20992K, used 499K [0x00000000eab00000, 0x00000000ec300000, 0x0000000100000000)
  eden space 20480K, 0% used [0x00000000eab00000,0x00000000eab00000,0x00000000ebf00000)
  from space 512K, 97% used [0x00000000ec100000,0x00000000ec17cd90,0x00000000ec180000)
  to   space 1536K, 0% used [0x00000000ec180000,0x00000000ec180000,0x00000000ec300000)
 ParOldGen       total 68608K, used 24762K [0x00000000c0000000, 0x00000000c4300000, 0x00000000eab00000)
  object space 68608K, 36% used [0x00000000c0000000,0x00000000c182ebb0,0x00000000c4300000)
 Metaspace       used 39569K, committed 40256K, reserved 1089536K
  class space    used 4010K, committed 4288K, reserved 1048576K
}
Event: 18.995 GC heap before
{Heap before GC invocations=20 (full 2):
 PSYoungGen      total 20992K, used 20979K [0x00000000eab00000, 0x00000000ec300000, 0x0000000100000000)
  eden space 20480K, 100% used [0x00000000eab00000,0x00000000ebf00000,0x00000000ebf00000)
  from space 512K, 97% used [0x00000000ec100000,0x00000000ec17cd90,0x00000000ec180000)
  to   space 1536K, 0% used [0x00000000ec180000,0x00000000ec180000,0x00000000ec300000)
 ParOldGen       total 68608K, used 24762K [0x00000000c0000000, 0x00000000c4300000, 0x00000000eab00000)
  object space 68608K, 36% used [0x00000000c0000000,0x00000000c182ebb0,0x00000000c4300000)
 Metaspace       used 40729K, committed 41408K, reserved 1089536K
  class space    used 4116K, committed 4416K, reserved 1048576K
}
Event: 18.996 GC heap after
{Heap after GC invocations=20 (full 2):
 PSYoungGen      total 20992K, used 224K [0x00000000eab00000, 0x00000000ec200000, 0x0000000100000000)
  eden space 20480K, 0% used [0x00000000eab00000,0x00000000eab00000,0x00000000ebf00000)
  from space 512K, 43% used [0x00000000ec180000,0x00000000ec1b8000,0x00000000ec200000)
  to   space 1024K, 0% used [0x00000000ec000000,0x00000000ec000000,0x00000000ec100000)
 ParOldGen       total 68608K, used 25257K [0x00000000c0000000, 0x00000000c4300000, 0x00000000eab00000)
  object space 68608K, 36% used [0x00000000c0000000,0x00000000c18aa550,0x00000000c4300000)
 Metaspace       used 40729K, committed 41408K, reserved 1089536K
  class space    used 4116K, committed 4416K, reserved 1048576K
}
Event: 20.532 GC heap before
{Heap before GC invocations=21 (full 2):
 PSYoungGen      total 20992K, used 20704K [0x00000000eab00000, 0x00000000ec200000, 0x0000000100000000)
  eden space 20480K, 100% used [0x00000000eab00000,0x00000000ebf00000,0x00000000ebf00000)
  from space 512K, 43% used [0x00000000ec180000,0x00000000ec1b8000,0x00000000ec200000)
  to   space 1024K, 0% used [0x00000000ec000000,0x00000000ec000000,0x00000000ec100000)
 ParOldGen       total 68608K, used 25257K [0x00000000c0000000, 0x00000000c4300000, 0x00000000eab00000)
  object space 68608K, 36% used [0x00000000c0000000,0x00000000c18aa550,0x00000000c4300000)
 Metaspace       used 43485K, committed 44224K, reserved 1089536K
  class space    used 4390K, committed 4736K, reserved 1048576K
}
Event: 20.537 GC heap after
{Heap after GC invocations=21 (full 2):
 PSYoungGen      total 21504K, used 1024K [0x00000000eab00000, 0x00000000ec400000, 0x0000000100000000)
  eden space 20480K, 0% used [0x00000000eab00000,0x00000000eab00000,0x00000000ebf00000)
  from space 1024K, 100% used [0x00000000ec000000,0x00000000ec100000,0x00000000ec100000)
  to   space 2560K, 0% used [0x00000000ec180000,0x00000000ec180000,0x00000000ec400000)
 ParOldGen       total 68608K, used 26041K [0x00000000c0000000, 0x00000000c4300000, 0x00000000eab00000)
  object space 68608K, 37% used [0x00000000c0000000,0x00000000c196e480,0x00000000c4300000)
 Metaspace       used 43485K, committed 44224K, reserved 1089536K
  class space    used 4390K, committed 4736K, reserved 1048576K
}

